Arguments: 
  /Users/kgr/.nvm/versions/node/v16.13.1/bin/node /opt/homebrew/Cellar/yarn/1.22.17_1/libexec/bin/yarn.js install

PATH: 
  /opt/homebrew/lib/ruby/gems/2.7.0/bin:/Users/kgr/.nvm/versions/node/v16.13.1/bin:/opt/homebrew/bin:/opt/homebrew/sbin:/opt/homebrew/bin:/Users/kgr/.gem/bin:/usr/local/bin:/usr/bin:/bin:/usr/sbin:/sbin:/Library/Apple/usr/bin:/Users/kgr/.nvm/versions/node/v16.13.1/bin:/opt/homebrew/bin:/opt/homebrew/sbin:/Users/kgr/.gem/bin:/Users/kgr/Library/Android/sdk/platform-tools

Yarn version: 
  1.22.17

Node version: 
  16.13.1

Platform: 
  darwin arm64

Trace: 
  SyntaxError: /Users/kgr/Desktop/NativeScript-Vue/app/package.json: Unexpected string in JSON at position 785
      at JSON.parse (<anonymous>)
      at /opt/homebrew/Cellar/yarn/1.22.17_1/libexec/lib/cli.js:1625:59
      at Generator.next (<anonymous>)
      at step (/opt/homebrew/Cellar/yarn/1.22.17_1/libexec/lib/cli.js:310:30)
      at /opt/homebrew/Cellar/yarn/1.22.17_1/libexec/lib/cli.js:321:13

npm manifest: 
  {
    "name": "app",
    "main": "main.js",
    "version": "1.0.0",
    "description": "A native application built with NativeScript-Vue",
    "author": "Garam Kim <0410garam@gmail.com>",
    "license": "MIT",
    "dependencies": {
      "vuex": "^3.5.1",
      "@vue/devtools": "^5.3.3",
      "nativescript-socketio": "^3.3.1",
      "nativescript-vue-devtools": "^1.4.0",
      "nativescript-toasty": "^3.0.0-alpha.2",
      "nativescript-vue": "^2.8.1",
      "@nativescript/core": "^7.0.3"
    },
    "devDependencies": {
      "@babel/core": "^7.11.6",
      "@babel/preset-env": "^7.11.5",
      "babel-loader": "^8.1.0",
      "@nativescript/webpack": "^3.0.4",
      "nativescript-vue-template-compiler": "^2.8.1",
      "nativescript-worker-loader": "~0.12.1",
      "sass": "^1.26.10",
      "vue-loader": "^15.9.3"
    }
    "resolutions": {
      "electron": "^11.0.1"
    }
  }

yarn manifest: 
  No manifest

Lockfile: 
  No lockfile
